2025-08-20T20:48:39.708+0530 [INFO] [org.gradle.internal.nativeintegration.services.NativeServices] Initialized native services in: /Users/shubhamtripathi/.gradle/native
2025-08-20T20:48:39.732+0530 [INFO] [org.gradle.internal.nativeintegration.services.NativeServices] Initialized jansi services in: /Users/shubhamtripathi/.gradle/native
2025-08-20T20:48:39.761+0530 [LIFECYCLE] [org.gradle.launcher.cli.DebugLoggerWarningAction] 
#############################################################################
   WARNING WARNING WARNING WARNING WARNING WARNING WARNING WARNING WARNING

   Debug level logging will leak security sensitive information!

   For more details, please refer to https://docs.gradle.org/8.3/userguide/logging.html#sec:debug_security in the Gradle documentation.
#############################################################################

2025-08-20T20:48:39.799+0530 [INFO] [org.gradle.internal.jvm.inspection.DefaultJvmMetadataDetector] Received JVM installation metadata from '/Users/shubhamtripathi/Library/Java/JavaVirtualMachines/openjdk-24.0.1/Contents/Home': {JAVA_HOME=/Users/shubhamtripathi/Library/Java/JavaVirtualMachines/openjdk-24.0.1/Contents/Home, JAVA_VERSION=24.0.1, JAVA_VENDOR=Oracle Corporation, RUNTIME_NAME=OpenJDK Runtime Environment, RUNTIME_VERSION=24.0.1+9-30, VM_NAME=OpenJDK 64-Bit Server VM, VM_VERSION=24.0.1+9-30, VM_VENDOR=Oracle Corporation, OS_ARCH=aarch64}
2025-08-20T20:48:39.890+0530 [DEBUG] [org.gradle.launcher.daemon.client.DaemonClient] Executing build 68946dbf-be84-43bb-9d27-6784da74cbd2 in daemon client {pid=90251}
2025-08-20T20:48:39.893+0530 [DEBUG] [org.gradle.internal.remote.internal.inet.InetAddresses] Adding IP addresses for network interface utun4
2025-08-20T20:48:39.893+0530 [DEBUG] [org.gradle.internal.remote.internal.inet.InetAddresses] Is this a loopback interface? false
2025-08-20T20:48:39.894+0530 [DEBUG] [org.gradle.internal.remote.internal.inet.InetAddresses] Adding remote address /fe80:0:0:0:2d6c:b9ea:7500:c10e%utun4
2025-08-20T20:48:39.894+0530 [DEBUG] [org.gradle.internal.remote.internal.inet.InetAddresses] Adding IP addresses for network interface utun3
2025-08-20T20:48:39.894+0530 [DEBUG] [org.gradle.internal.remote.internal.inet.InetAddresses] Is this a loopback interface? false
2025-08-20T20:48:39.894+0530 [DEBUG] [org.gradle.internal.remote.internal.inet.InetAddresses] Adding remote address /fe80:0:0:0:3266:18f0:dfcd:4e4c%utun3
2025-08-20T20:48:39.894+0530 [DEBUG] [org.gradle.internal.remote.internal.inet.InetAddresses] Adding IP addresses for network interface utun2
2025-08-20T20:48:39.894+0530 [DEBUG] [org.gradle.internal.remote.internal.inet.InetAddresses] Is this a loopback interface? false
2025-08-20T20:48:39.894+0530 [DEBUG] [org.gradle.internal.remote.internal.inet.InetAddresses] Adding remote address /fe80:0:0:0:ce81:b1c:bd2c:69e%utun2
2025-08-20T20:48:39.894+0530 [DEBUG] [org.gradle.internal.remote.internal.inet.InetAddresses] Adding IP addresses for network interface utun1
2025-08-20T20:48:39.894+0530 [DEBUG] [org.gradle.internal.remote.internal.inet.InetAddresses] Is this a loopback interface? false
2025-08-20T20:48:39.894+0530 [DEBUG] [org.gradle.internal.remote.internal.inet.InetAddresses] Adding remote address /fe80:0:0:0:dc43:c073:3d33:e6a4%utun1
2025-08-20T20:48:39.894+0530 [DEBUG] [org.gradle.internal.remote.internal.inet.InetAddresses] Adding IP addresses for network interface utun0
2025-08-20T20:48:39.894+0530 [DEBUG] [org.gradle.internal.remote.internal.inet.InetAddresses] Is this a loopback interface? false
2025-08-20T20:48:39.894+0530 [DEBUG] [org.gradle.internal.remote.internal.inet.InetAddresses] Adding remote address /fe80:0:0:0:6b3b:2519:9ca:54e7%utun0
2025-08-20T20:48:39.894+0530 [DEBUG] [org.gradle.internal.remote.internal.inet.InetAddresses] Adding IP addresses for network interface llw0
2025-08-20T20:48:39.894+0530 [DEBUG] [org.gradle.internal.remote.internal.inet.InetAddresses] Is this a loopback interface? false
2025-08-20T20:48:39.894+0530 [DEBUG] [org.gradle.internal.remote.internal.inet.InetAddresses] Adding remote address /fe80:0:0:0:70bd:11ff:fe1b:de62%llw0
2025-08-20T20:48:39.894+0530 [DEBUG] [org.gradle.internal.remote.internal.inet.InetAddresses] Adding IP addresses for network interface awdl0
2025-08-20T20:48:39.894+0530 [DEBUG] [org.gradle.internal.remote.internal.inet.InetAddresses] Is this a loopback interface? false
2025-08-20T20:48:39.894+0530 [DEBUG] [org.gradle.internal.remote.internal.inet.InetAddresses] Adding remote address /fe80:0:0:0:70bd:11ff:fe1b:de62%awdl0
2025-08-20T20:48:39.894+0530 [DEBUG] [org.gradle.internal.remote.internal.inet.InetAddresses] Adding IP addresses for network interface ap1
2025-08-20T20:48:39.894+0530 [DEBUG] [org.gradle.internal.remote.internal.inet.InetAddresses] Is this a loopback interface? false
2025-08-20T20:48:39.894+0530 [DEBUG] [org.gradle.internal.remote.internal.inet.InetAddresses] Adding remote address /fe80:0:0:0:383e:efff:fecb:2a48%ap1
2025-08-20T20:48:39.894+0530 [DEBUG] [org.gradle.internal.remote.internal.inet.InetAddresses] Adding IP addresses for network interface anpi1
2025-08-20T20:48:39.894+0530 [DEBUG] [org.gradle.internal.remote.internal.inet.InetAddresses] Is this a loopback interface? false
2025-08-20T20:48:39.894+0530 [DEBUG] [org.gradle.internal.remote.internal.inet.InetAddresses] Adding remote address /fe80:0:0:0:8a2:6cff:fefb:36b9%anpi1
2025-08-20T20:48:39.894+0530 [DEBUG] [org.gradle.internal.remote.internal.inet.InetAddresses] Adding IP addresses for network interface anpi0
2025-08-20T20:48:39.894+0530 [DEBUG] [org.gradle.internal.remote.internal.inet.InetAddresses] Is this a loopback interface? false
2025-08-20T20:48:39.894+0530 [DEBUG] [org.gradle.internal.remote.internal.inet.InetAddresses] Adding remote address /fe80:0:0:0:8a2:6cff:fefb:36b8%anpi0
2025-08-20T20:48:39.894+0530 [DEBUG] [org.gradle.internal.remote.internal.inet.InetAddresses] Adding IP addresses for network interface en0
2025-08-20T20:48:39.894+0530 [DEBUG] [org.gradle.internal.remote.internal.inet.InetAddresses] Is this a loopback interface? false
2025-08-20T20:48:39.894+0530 [DEBUG] [org.gradle.internal.remote.internal.inet.InetAddresses] Adding remote address /2401:4900:1cbc:92f:1426:7080:8cb4:4f42%en0
2025-08-20T20:48:39.894+0530 [DEBUG] [org.gradle.internal.remote.internal.inet.InetAddresses] Adding remote address /2401:4900:1cbc:92f:1c39:c42a:e1fb:684e%en0
2025-08-20T20:48:39.894+0530 [DEBUG] [org.gradle.internal.remote.internal.inet.InetAddresses] Adding remote address /fe80:0:0:0:1493:5c60:221d:739e%en0
2025-08-20T20:48:39.894+0530 [DEBUG] [org.gradle.internal.remote.internal.inet.InetAddresses] Adding remote address /192.168.1.5
2025-08-20T20:48:39.894+0530 [DEBUG] [org.gradle.internal.remote.internal.inet.InetAddresses] Adding IP addresses for network interface bridge0
2025-08-20T20:48:39.894+0530 [DEBUG] [org.gradle.internal.remote.internal.inet.InetAddresses] Is this a loopback interface? false
2025-08-20T20:48:39.894+0530 [DEBUG] [org.gradle.internal.remote.internal.inet.InetAddresses] Adding remote address /fd3b:7cf9:7497:c3b4:1a:3663:813e:1b24%bridge0
2025-08-20T20:48:39.894+0530 [DEBUG] [org.gradle.internal.remote.internal.inet.InetAddresses] Adding remote address /fe80:0:0:0:34b7:99ff:fe27:1ac0%bridge0
2025-08-20T20:48:39.894+0530 [DEBUG] [org.gradle.internal.remote.internal.inet.InetAddresses] Adding remote address /192.168.2.1
2025-08-20T20:48:39.894+0530 [DEBUG] [org.gradle.internal.remote.internal.inet.InetAddresses] Adding IP addresses for network interface lo0
2025-08-20T20:48:39.894+0530 [DEBUG] [org.gradle.internal.remote.internal.inet.InetAddresses] Is this a loopback interface? true
2025-08-20T20:48:39.894+0530 [DEBUG] [org.gradle.internal.remote.internal.inet.InetAddresses] Ignoring remote address on loopback interface /fe80:0:0:0:0:0:0:1%lo0
2025-08-20T20:48:39.894+0530 [DEBUG] [org.gradle.internal.remote.internal.inet.InetAddresses] Adding loopback address /0:0:0:0:0:0:0:1%lo0
2025-08-20T20:48:39.894+0530 [DEBUG] [org.gradle.internal.remote.internal.inet.InetAddresses] Adding loopback address /127.0.0.1
2025-08-20T20:48:39.901+0530 [DEBUG] [org.gradle.cache.internal.DefaultFileLockManager] Waiting to acquire shared lock on daemon addresses registry.
2025-08-20T20:48:39.902+0530 [DEBUG] [org.gradle.cache.internal.DefaultFileLockManager] Lock acquired on daemon addresses registry.
2025-08-20T20:48:39.903+0530 [DEBUG] [org.gradle.cache.internal.DefaultFileLockManager] Releasing lock on daemon addresses registry.
2025-08-20T20:48:39.904+0530 [DEBUG] [org.gradle.internal.remote.internal.inet.TcpOutgoingConnector] Attempting to connect to [fd787482-e5c8-40f4-9f2e-76befa9ba4e4 port:58394, addresses:[/127.0.0.1]].
2025-08-20T20:48:39.904+0530 [DEBUG] [org.gradle.internal.remote.internal.inet.TcpOutgoingConnector] Trying to connect to address /127.0.0.1.
2025-08-20T20:48:39.906+0530 [DEBUG] [org.gradle.internal.remote.internal.inet.TcpOutgoingConnector] Connected to address /127.0.0.1:58394.
2025-08-20T20:48:39.911+0530 [DEBUG] [org.gradle.launcher.daemon.client.DaemonClient] Connected to daemon DaemonInfo{pid=90093, address=[fd787482-e5c8-40f4-9f2e-76befa9ba4e4 port:58394, addresses:[/127.0.0.1]], state=Idle, lastBusy=1755702928943, context=DefaultDaemonContext[uid=d346965d-dea8-4845-99a9-fdfd861cefb0,javaHome=/Users/shubhamtripathi/Library/Java/JavaVirtualMachines/openjdk-24.0.1/Contents/Home,daemonRegistryDir=/Users/shubhamtripathi/.gradle/daemon,pid=90093,idleTimeout=10800000,priority=NORMAL,applyInstrumentationAgent=true,daemonOpts=--add-opens=java.base/java.util=ALL-UNNAMED,--add-opens=java.base/java.lang=ALL-UNNAMED,--add-opens=java.base/java.lang.invoke=ALL-UNNAMED,--add-opens=java.prefs/java.util.prefs=ALL-UNNAMED,--add-opens=java.base/java.nio.charset=ALL-UNNAMED,--add-opens=java.base/java.net=ALL-UNNAMED,--add-opens=java.base/java.util.concurrent.atomic=ALL-UNNAMED,-XX:MaxMetaspaceSize=384m,-XX:+HeapDumpOnOutOfMemoryError,-Xms256m,-Xmx512m,-Dfile.encoding=UTF-8,-Duser.country=IN,-Duser.language=en,-Duser.variant]}. Dispatching request Build{id=68946dbf-be84-43bb-9d27-6784da74cbd2, currentDir=/Users/shubhamtripathi/Downloads/rentvideo}.
2025-08-20T20:48:39.911+0530 [DEBUG] [org.gradle.launcher.daemon.client.DaemonClientConnection] thread 3: dispatching class org.gradle.launcher.daemon.protocol.Build
2025-08-20T20:48:39.919+0530 [DEBUG] [org.gradle.launcher.daemon.client.DaemonClient] Received result org.gradle.launcher.daemon.protocol.BuildStarted@48e92c5c from daemon DaemonInfo{pid=90093, address=[fd787482-e5c8-40f4-9f2e-76befa9ba4e4 port:58394, addresses:[/127.0.0.1]], state=Idle, lastBusy=1755702928943, context=DefaultDaemonContext[uid=d346965d-dea8-4845-99a9-fdfd861cefb0,javaHome=/Users/shubhamtripathi/Library/Java/JavaVirtualMachines/openjdk-24.0.1/Contents/Home,daemonRegistryDir=/Users/shubhamtripathi/.gradle/daemon,pid=90093,idleTimeout=10800000,priority=NORMAL,applyInstrumentationAgent=true,daemonOpts=--add-opens=java.base/java.util=ALL-UNNAMED,--add-opens=java.base/java.lang=ALL-UNNAMED,--add-opens=java.base/java.lang.invoke=ALL-UNNAMED,--add-opens=java.prefs/java.util.prefs=ALL-UNNAMED,--add-opens=java.base/java.nio.charset=ALL-UNNAMED,--add-opens=java.base/java.net=ALL-UNNAMED,--add-opens=java.base/java.util.concurrent.atomic=ALL-UNNAMED,-XX:MaxMetaspaceSize=384m,-XX:+HeapDumpOnOutOfMemoryError,-Xms256m,-Xmx512m,-Dfile.encoding=UTF-8,-Duser.country=IN,-Duser.language=en,-Duser.variant]} (build should be starting).
2025-08-20T20:48:39.920+0530 [INFO] [org.gradle.launcher.daemon.server.exec.LogToClient] The client will now receive all logging from the daemon (pid: 90093). The daemon log file: /Users/shubhamtripathi/.gradle/daemon/8.3/daemon-90093.out.log
2025-08-20T20:48:39.923+0530 [INFO] [org.gradle.launcher.daemon.server.exec.LogAndCheckHealth] Starting 2nd build in daemon [uptime: 3 mins 11.085 secs, performance: 98%, GC rate: 0.00/s, heap usage: 1% of 512 MiB, non-heap usage: 9% of 384 MiB]
2025-08-20T20:48:39.923+0530 [DEBUG] [org.gradle.launcher.daemon.server.exec.ExecuteBuild] The daemon has started executing the build.
2025-08-20T20:48:39.923+0530 [DEBUG] [org.gradle.launcher.daemon.server.exec.ExecuteBuild] Executing build with daemon context: DefaultDaemonContext[uid=d346965d-dea8-4845-99a9-fdfd861cefb0,javaHome=/Users/shubhamtripathi/Library/Java/JavaVirtualMachines/openjdk-24.0.1/Contents/Home,daemonRegistryDir=/Users/shubhamtripathi/.gradle/daemon,pid=90093,idleTimeout=10800000,priority=NORMAL,applyInstrumentationAgent=true,daemonOpts=--add-opens=java.base/java.util=ALL-UNNAMED,--add-opens=java.base/java.lang=ALL-UNNAMED,--add-opens=java.base/java.lang.invoke=ALL-UNNAMED,--add-opens=java.prefs/java.util.prefs=ALL-UNNAMED,--add-opens=java.base/java.nio.charset=ALL-UNNAMED,--add-opens=java.base/java.net=ALL-UNNAMED,--add-opens=java.base/java.util.concurrent.atomic=ALL-UNNAMED,-XX:MaxMetaspaceSize=384m,-XX:+HeapDumpOnOutOfMemoryError,-Xms256m,-Xmx512m,-Dfile.encoding=UTF-8,-Duser.country=IN,-Duser.language=en,-Duser.variant]
2025-08-20T20:48:39.926+0530 [INFO] [org.gradle.internal.work.DefaultWorkerLeaseService] Using 8 worker leases.
2025-08-20T20:48:39.927+0530 [DEBUG] [org.gradle.internal.resources.AbstractTrackedResourceLock] Daemon worker Thread 2: acquired lock on worker lease
2025-08-20T20:48:39.927+0530 [DEBUG] [org.gradle.internal.operations.DefaultBuildOperationRunner] Build operation 'Run build' started
2025-08-20T20:48:39.948+0530 [INFO] [org.gradle.internal.watch.registry.impl.WatchableHierarchies] Now considering [/Users/shubhamtripathi/Downloads/rentvideo] as hierarchies to watch
2025-08-20T20:48:39.950+0530 [INFO] [org.gradle.tooling.internal.provider.FileSystemWatchingBuildActionRunner] Watching the file system is configured to be enabled if available
2025-08-20T20:48:39.950+0530 [DEBUG] [org.gradle.tooling.internal.provider.FileSystemWatchingBuildActionRunner] Watching the file system computed to be enabled if available
2025-08-20T20:48:39.950+0530 [DEBUG] [org.gradle.internal.operations.DefaultBuildOperationRunner] Build operation 'Build started for file system watching' started
2025-08-20T20:48:39.950+0530 [DEBUG] [org.gradle.internal.watch.vfs.impl.DefaultWatchableFileSystemDetector] Detected apfs: / from /dev/disk3s1s1 (remote: false)
2025-08-20T20:48:39.950+0530 [DEBUG] [org.gradle.internal.watch.vfs.impl.DefaultWatchableFileSystemDetector] Detected devfs: /dev from devfs (remote: false)
2025-08-20T20:48:39.950+0530 [DEBUG] [org.gradle.internal.watch.vfs.impl.DefaultWatchableFileSystemDetector] Detected apfs: /System/Volumes/VM from /dev/disk3s6 (remote: false)
2025-08-20T20:48:39.950+0530 [DEBUG] [org.gradle.internal.watch.vfs.impl.DefaultWatchableFileSystemDetector] Detected apfs: /System/Volumes/Preboot from /dev/disk3s2 (remote: false)
2025-08-20T20:48:39.950+0530 [DEBUG] [org.gradle.internal.watch.vfs.impl.DefaultWatchableFileSystemDetector] Detected apfs: /System/Volumes/Update from /dev/disk3s4 (remote: false)
2025-08-20T20:48:39.950+0530 [DEBUG] [org.gradle.internal.watch.vfs.impl.DefaultWatchableFileSystemDetector] Detected apfs: /System/Volumes/xarts from /dev/disk1s2 (remote: false)
2025-08-20T20:48:39.950+0530 [DEBUG] [org.gradle.internal.watch.vfs.impl.DefaultWatchableFileSystemDetector] Detected apfs: /System/Volumes/iSCPreboot from /dev/disk1s1 (remote: false)
2025-08-20T20:48:39.950+0530 [DEBUG] [org.gradle.internal.watch.vfs.impl.DefaultWatchableFileSystemDetector] Detected apfs: /System/Volumes/Hardware from /dev/disk1s3 (remote: false)
2025-08-20T20:48:39.950+0530 [DEBUG] [org.gradle.internal.watch.vfs.impl.DefaultWatchableFileSystemDetector] Detected apfs: /System/Volumes/Data from /dev/disk3s5 (remote: false)
2025-08-20T20:48:39.950+0530 [DEBUG] [org.gradle.internal.watch.vfs.impl.DefaultWatchableFileSystemDetector] Detected autofs: /System/Volumes/Data/home from map auto_home (remote: true)
2025-08-20T20:48:39.950+0530 [DEBUG] [org.gradle.internal.watch.vfs.impl.DefaultWatchableFileSystemDetector] Detected apfs: /System/Volumes/Update/SFR/mnt1 from /dev/disk2s1 (remote: false)
2025-08-20T20:48:39.950+0530 [DEBUG] [org.gradle.internal.watch.vfs.impl.DefaultWatchableFileSystemDetector] Detected hfs: /Volumes/IntelliJ IDEA from /dev/disk4s2 (remote: false)
2025-08-20T20:48:39.950+0530 [DEBUG] [org.gradle.internal.watch.vfs.impl.DefaultWatchableFileSystemDetector] Detected hfs: /Volumes/IntelliJ IDEA 1 from /dev/disk5s2 (remote: false)
2025-08-20T20:48:39.950+0530 [DEBUG] [org.gradle.internal.watch.vfs.impl.DefaultWatchableFileSystemDetector] Detected apfs: /System/Volumes/Update/mnt1 from /dev/disk3s1 (remote: false)
2025-08-20T20:48:39.951+0530 [DEBUG] [org.gradle.internal.operations.DefaultBuildOperationRunner] Completing Build operation 'Build started for file system watching'
2025-08-20T20:48:39.951+0530 [DEBUG] [org.gradle.internal.operations.DefaultBuildOperationRunner] Build operation 'Build started for file system watching' completed
2025-08-20T20:48:39.951+0530 [INFO] [org.gradle.tooling.internal.provider.FileSystemWatchingBuildActionRunner] File system watching is active
2025-08-20T20:48:39.951+0530 [DEBUG] [org.gradle.internal.operations.DefaultBuildOperationRunner] Build operation 'Load build' started
2025-08-20T20:48:39.952+0530 [DEBUG] [org.gradle.initialization.properties.DefaultProjectPropertiesLoader] Found env project properties: []
2025-08-20T20:48:39.952+0530 [DEBUG] [org.gradle.initialization.properties.DefaultProjectPropertiesLoader] Found system project properties: []
2025-08-20T20:48:39.952+0530 [DEBUG] [org.gradle.internal.operations.DefaultBuildOperationRunner] Build operation 'Evaluate settings' started
2025-08-20T20:48:39.953+0530 [DEBUG] [org.gradle.cache.internal.DefaultCacheCoordinator] Creating new cache for workingDirs, path /Users/shubhamtripathi/Downloads/rentvideo/.gradle/8.3/vcsMetadata/workingDirs.bin, access org.gradle.cache.internal.DefaultCacheCoordinator@20313954
2025-08-20T20:48:39.953+0530 [DEBUG] [org.gradle.cache.internal.DefaultCacheCoordinator] Creating new cache for md5-checksums, path /Users/shubhamtripathi/Downloads/rentvideo/.gradle/8.3/checksums/md5-checksums.bin, access org.gradle.cache.internal.DefaultCacheCoordinator@58829cbc
2025-08-20T20:48:39.954+0530 [DEBUG] [org.gradle.cache.internal.LockOnDemandCrossProcessCacheAccess] Acquiring file lock for checksums cache (/Users/shubhamtripathi/Downloads/rentvideo/.gradle/8.3/checksums)
2025-08-20T20:48:39.954+0530 [DEBUG] [org.gradle.cache.internal.DefaultFileLockManager] Waiting to acquire exclusive lock on checksums cache (/Users/shubhamtripathi/Downloads/rentvideo/.gradle/8.3/checksums).
2025-08-20T20:48:39.954+0530 [DEBUG] [org.gradle.cache.internal.DefaultFileLockManager] Lock acquired on checksums cache (/Users/shubhamtripathi/Downloads/rentvideo/.gradle/8.3/checksums).
2025-08-20T20:48:39.954+0530 [DEBUG] [org.gradle.cache.internal.DefaultCacheCoordinator] Creating new cache for sha1-checksums, path /Users/shubhamtripathi/Downloads/rentvideo/.gradle/8.3/checksums/sha1-checksums.bin, access org.gradle.cache.internal.DefaultCacheCoordinator@58829cbc
2025-08-20T20:48:39.954+0530 [DEBUG] [org.gradle.cache.internal.DefaultCacheCoordinator] Creating new cache for sha256-checksums, path /Users/shubhamtripathi/Downloads/rentvideo/.gradle/8.3/checksums/sha256-checksums.bin, access org.gradle.cache.internal.DefaultCacheCoordinator@58829cbc
2025-08-20T20:48:39.954+0530 [DEBUG] [org.gradle.cache.internal.DefaultCacheCoordinator] Creating new cache for sha512-checksums, path /Users/shubhamtripathi/Downloads/rentvideo/.gradle/8.3/checksums/sha512-checksums.bin, access org.gradle.cache.internal.DefaultCacheCoordinator@58829cbc
2025-08-20T20:48:39.955+0530 [DEBUG] [org.gradle.cache.internal.DefaultCacheCoordinator] Creating new cache for fileHashes, path /Users/shubhamtripathi/Downloads/rentvideo/.gradle/8.3/fileHashes/fileHashes.bin, access org.gradle.cache.internal.DefaultCacheCoordinator@42784cd0
2025-08-20T20:48:39.955+0530 [DEBUG] [org.gradle.cache.internal.LockOnDemandCrossProcessCacheAccess] Acquiring file lock for file hash cache (/Users/shubhamtripathi/Downloads/rentvideo/.gradle/8.3/fileHashes)
2025-08-20T20:48:39.955+0530 [DEBUG] [org.gradle.cache.internal.DefaultFileLockManager] Waiting to acquire exclusive lock on file hash cache (/Users/shubhamtripathi/Downloads/rentvideo/.gradle/8.3/fileHashes).
2025-08-20T20:48:39.955+0530 [DEBUG] [org.gradle.cache.internal.DefaultFileLockManager] Lock acquired on file hash cache (/Users/shubhamtripathi/Downloads/rentvideo/.gradle/8.3/fileHashes).
2025-08-20T20:48:39.957+0530 [DEBUG] [org.gradle.cache.internal.DefaultCacheCoordinator] Creating new cache for md-supplier, path /Users/shubhamtripathi/.gradle/caches/8.3/md-supplier/md-supplier.bin, access org.gradle.cache.internal.DefaultCacheCoordinator@4aacfa6d
2025-08-20T20:48:39.957+0530 [DEBUG] [org.gradle.cache.internal.LockOnDemandCrossProcessCacheAccess] Acquiring file lock for cache directory md-supplier (/Users/shubhamtripathi/.gradle/caches/8.3/md-supplier)
2025-08-20T20:48:39.957+0530 [DEBUG] [org.gradle.cache.internal.DefaultFileLockManager] Waiting to acquire exclusive lock on cache directory md-supplier (/Users/shubhamtripathi/.gradle/caches/8.3/md-supplier).
2025-08-20T20:48:39.958+0530 [DEBUG] [org.gradle.cache.internal.DefaultFileLockManager] Lock acquired on cache directory md-supplier (/Users/shubhamtripathi/.gradle/caches/8.3/md-supplier).
2025-08-20T20:48:39.958+0530 [INFO] [org.gradle.cache.internal.InMemoryDecoratedCache] Invalidating in-memory cache of /Users/shubhamtripathi/.gradle/caches/8.3/md-supplier/md-supplier.bin
2025-08-20T20:48:39.958+0530 [DEBUG] [org.gradle.api.internal.artifacts.mvnsettings.DefaultLocalMavenRepositoryLocator] No local repository in Settings file defined. Using default path: /Users/shubhamtripathi/.m2/repository
2025-08-20T20:48:39.959+0530 [DEBUG] [org.gradle.cache.internal.DefaultCacheCoordinator] Creating new cache for md-rule, path /Users/shubhamtripathi/.gradle/caches/8.3/md-rule/md-rule.bin, access org.gradle.cache.internal.DefaultCacheCoordinator@d788dfd
2025-08-20T20:48:39.960+0530 [DEBUG] [org.gradle.cache.internal.LockOnDemandCrossProcessCacheAccess] Acquiring file lock for cache directory md-rule (/Users/shubhamtripathi/.gradle/caches/8.3/md-rule)
2025-08-20T20:48:39.961+0530 [DEBUG] [org.gradle.cache.internal.DefaultFileLockManager] Waiting to acquire exclusive lock on cache directory md-rule (/Users/shubhamtripathi/.gradle/caches/8.3/md-rule).
2025-08-20T20:48:39.961+0530 [DEBUG] [org.gradle.cache.internal.DefaultFileLockManager] Lock acquired on cache directory md-rule (/Users/shubhamtripathi/.gradle/caches/8.3/md-rule).
2025-08-20T20:48:39.961+0530 [INFO] [org.gradle.cache.internal.InMemoryDecoratedCache] Invalidating in-memory cache of /Users/shubhamtripathi/.gradle/caches/8.3/md-rule/md-rule.bin
2025-08-20T20:48:39.961+0530 [DEBUG] [org.gradle.cache.internal.DefaultCacheCoordinator] Creating new cache for resourceHashesCache, path /Users/shubhamtripathi/Downloads/rentvideo/.gradle/8.3/fileHashes/resourceHashesCache.bin, access org.gradle.cache.internal.DefaultCacheCoordinator@42784cd0
2025-08-20T20:48:39.963+0530 [DEBUG] [org.gradle.internal.locking.LockFileReaderWriter] Lockfiles root: /Users/shubhamtripathi/Downloads/rentvideo/gradle/dependency-locks
2025-08-20T20:48:39.965+0530 [INFO] [org.gradle.internal.buildevents.BuildLogger] Starting Build
2025-08-20T20:48:39.965+0530 [DEBUG] [org.gradle.internal.buildevents.BuildLogger] Gradle user home: /Users/shubhamtripathi/.gradle
2025-08-20T20:48:39.965+0530 [DEBUG] [org.gradle.internal.buildevents.BuildLogger] Current dir: /Users/shubhamtripathi/Downloads/rentvideo
2025-08-20T20:48:39.965+0530 [DEBUG] [org.gradle.internal.buildevents.BuildLogger] Settings file: null
2025-08-20T20:48:39.965+0530 [DEBUG] [org.gradle.internal.buildevents.BuildLogger] Build file: null
2025-08-20T20:48:39.966+0530 [DEBUG] [org.gradle.internal.operations.DefaultBuildOperationRunner] Build operation 'Apply settings file 'settings.gradle' to settings 'rentvideo'' started
2025-08-20T20:48:39.968+0530 [DEBUG] [org.gradle.cache.internal.DefaultFileLockManager] Waiting to acquire shared lock on settings generic class cache for settings file '/Users/shubhamtripathi/Downloads/rentvideo/settings.gradle' (/Users/shubhamtripathi/.gradle/caches/8.3/scripts/cxlbafsuv9qzpt84lnbpuexnz).
2025-08-20T20:48:39.968+0530 [DEBUG] [org.gradle.cache.internal.DefaultFileLockManager] Lock acquired on settings generic class cache for settings file '/Users/shubhamtripathi/Downloads/rentvideo/settings.gradle' (/Users/shubhamtripathi/.gradle/caches/8.3/scripts/cxlbafsuv9qzpt84lnbpuexnz).
2025-08-20T20:48:39.968+0530 [DEBUG] [org.gradle.cache.internal.DefaultFileLockManager] Releasing lock on settings generic class cache for settings file '/Users/shubhamtripathi/Downloads/rentvideo/settings.gradle' (/Users/shubhamtripathi/.gradle/caches/8.3/scripts/cxlbafsuv9qzpt84lnbpuexnz).
2025-08-20T20:48:39.969+0530 [DEBUG] [org.gradle.cache.internal.DefaultFileLockManager] Waiting to acquire exclusive lock on settings generic class cache for settings file '/Users/shubhamtripathi/Downloads/rentvideo/settings.gradle' (/Users/shubhamtripathi/.gradle/caches/8.3/scripts/cxlbafsuv9qzpt84lnbpuexnz).
2025-08-20T20:48:39.969+0530 [DEBUG] [org.gradle.cache.internal.DefaultFileLockManager] Lock acquired on settings generic class cache for settings file '/Users/shubhamtripathi/Downloads/rentvideo/settings.gradle' (/Users/shubhamtripathi/.gradle/caches/8.3/scripts/cxlbafsuv9qzpt84lnbpuexnz).
2025-08-20T20:48:39.969+0530 [DEBUG] [org.gradle.internal.operations.DefaultBuildOperationRunner] Build operation 'Compile settings file 'settings.gradle' (BODY)' started
2025-08-20T20:48:39.969+0530 [INFO] [org.gradle.groovy.scripts.internal.DefaultScriptCompilationHandler] Compiling settings file '/Users/shubhamtripathi/Downloads/rentvideo/settings.gradle' using BuildScriptTransformer.
2025-08-20T20:48:39.975+0530 [DEBUG] [org.gradle.internal.operations.DefaultBuildOperationRunner] Completing Build operation 'Compile settings file 'settings.gradle' (BODY)'
2025-08-20T20:48:39.976+0530 [DEBUG] [org.gradle.internal.operations.DefaultBuildOperationRunner] Build operation 'Compile settings file 'settings.gradle' (BODY)' completed
2025-08-20T20:48:39.976+0530 [DEBUG] [org.gradle.cache.internal.DefaultFileLockManager] Releasing lock on settings generic class cache for settings file '/Users/shubhamtripathi/Downloads/rentvideo/settings.gradle' (/Users/shubhamtripathi/.gradle/caches/8.3/scripts/cxlbafsuv9qzpt84lnbpuexnz).
2025-08-20T20:48:39.976+0530 [DEBUG] [org.gradle.internal.operations.DefaultBuildOperationRunner] Completing Build operation 'Apply settings file 'settings.gradle' to settings 'rentvideo''
2025-08-20T20:48:39.976+0530 [DEBUG] [org.gradle.internal.operations.DefaultBuildOperationRunner] Build operation 'Apply settings file 'settings.gradle' to settings 'rentvideo'' completed
2025-08-20T20:48:39.976+0530 [DEBUG] [org.gradle.internal.operations.DefaultBuildOperationRunner] Completing Build operation 'Evaluate settings'
2025-08-20T20:48:39.976+0530 [DEBUG] [org.gradle.internal.operations.DefaultBuildOperationRunner] Build operation 'Evaluate settings' completed
2025-08-20T20:48:39.976+0530 [DEBUG] [org.gradle.internal.operations.DefaultBuildOperationRunner] Completing Build operation 'Load build'
2025-08-20T20:48:39.976+0530 [DEBUG] [org.gradle.internal.operations.DefaultBuildOperationRunner] Build operation 'Load build' completed
2025-08-20T20:48:39.976+0530 [DEBUG] [org.gradle.internal.operations.DefaultBuildOperationRunner] Build operation 'Finish root build tree' started
2025-08-20T20:48:39.977+0530 [DEBUG] [org.gradle.internal.operations.DefaultBuildOperationRunner] Completing Build operation 'Finish root build tree'
2025-08-20T20:48:39.977+0530 [DEBUG] [org.gradle.internal.operations.DefaultBuildOperationRunner] Build operation 'Finish root build tree' completed
2025-08-20T20:48:39.988+0530 [DEBUG] [org.gradle.internal.operations.DefaultBuildOperationRunner] Build operation 'Build finished for file system watching' started
2025-08-20T20:48:39.988+0530 [INFO] [org.gradle.internal.watch.registry.impl.HierarchicalFileWatcherUpdater] Watched directory hierarchies: []
2025-08-20T20:48:39.988+0530 [DEBUG] [org.gradle.internal.operations.DefaultBuildOperationRunner] Completing Build operation 'Build finished for file system watching'
2025-08-20T20:48:39.988+0530 [DEBUG] [org.gradle.internal.operations.DefaultBuildOperationRunner] Build operation 'Build finished for file system watching' completed
2025-08-20T20:48:39.989+0530 [DEBUG] [org.gradle.cache.internal.LockOnDemandCrossProcessCacheAccess] Releasing file lock for cache directory md-supplier (/Users/shubhamtripathi/.gradle/caches/8.3/md-supplier)
2025-08-20T20:48:39.989+0530 [DEBUG] [org.gradle.cache.internal.DefaultFileLockManager] Releasing lock on cache directory md-supplier (/Users/shubhamtripathi/.gradle/caches/8.3/md-supplier).
2025-08-20T20:48:39.989+0530 [DEBUG] [org.gradle.cache.internal.LockOnDemandCrossProcessCacheAccess] Releasing file lock for cache directory md-rule (/Users/shubhamtripathi/.gradle/caches/8.3/md-rule)
2025-08-20T20:48:39.989+0530 [DEBUG] [org.gradle.cache.internal.DefaultFileLockManager] Releasing lock on cache directory md-rule (/Users/shubhamtripathi/.gradle/caches/8.3/md-rule).
2025-08-20T20:48:39.989+0530 [DEBUG] [org.gradle.api.internal.artifacts.ivyservice.resolveengine.store.ResolutionResultsStoreFactory] Deleted 0 resolution results binary files in 0.0 secs
2025-08-20T20:48:39.989+0530 [DEBUG] [org.gradle.internal.operations.DefaultBuildOperationRunner] Completing Build operation 'Run build'
2025-08-20T20:48:39.989+0530 [DEBUG] [org.gradle.internal.operations.DefaultBuildOperationRunner] Build operation 'Run build' completed
2025-08-20T20:48:39.989+0530 [DEBUG] [org.gradle.internal.resources.AbstractTrackedResourceLock] Daemon worker Thread 2: released lock on worker lease
2025-08-20T20:48:39.991+0530 [DEBUG] [org.gradle.deployment.internal.DefaultDeploymentRegistry] Stopping 0 deployment handles
2025-08-20T20:48:39.992+0530 [DEBUG] [org.gradle.deployment.internal.DefaultDeploymentRegistry] Stopped deployment handles
2025-08-20T20:48:39.992+0530 [DEBUG] [org.gradle.cache.internal.LockOnDemandCrossProcessCacheAccess] Releasing file lock for checksums cache (/Users/shubhamtripathi/Downloads/rentvideo/.gradle/8.3/checksums)
2025-08-20T20:48:39.992+0530 [DEBUG] [org.gradle.cache.internal.DefaultFileLockManager] Releasing lock on checksums cache (/Users/shubhamtripathi/Downloads/rentvideo/.gradle/8.3/checksums).
2025-08-20T20:48:39.992+0530 [DEBUG] [org.gradle.cache.internal.LockOnDemandCrossProcessCacheAccess] Releasing file lock for file hash cache (/Users/shubhamtripathi/Downloads/rentvideo/.gradle/8.3/fileHashes)
2025-08-20T20:48:39.992+0530 [DEBUG] [org.gradle.cache.internal.DefaultFileLockManager] Releasing lock on file hash cache (/Users/shubhamtripathi/Downloads/rentvideo/.gradle/8.3/fileHashes).
2025-08-20T20:48:39.992+0530 [DEBUG] [org.gradle.cache.internal.DefaultPersistentDirectoryStore] VCS Checkout Cache (/Users/shubhamtripathi/Downloads/rentvideo/.gradle/vcs-1) has last been fully cleaned up 0 hours ago
2025-08-20T20:48:39.992+0530 [DEBUG] [org.gradle.cache.internal.DefaultCacheCoordinator] Cache VCS Checkout Cache (/Users/shubhamtripathi/Downloads/rentvideo/.gradle/vcs-1) was closed 0 times.
2025-08-20T20:48:39.992+0530 [DEBUG] [org.gradle.cache.internal.DefaultCacheCoordinator] Cache VCS metadata (/Users/shubhamtripathi/Downloads/rentvideo/.gradle/8.3/vcsMetadata) was closed 0 times.
2025-08-20T20:48:39.993+0530 [DEBUG] [org.gradle.launcher.daemon.server.exec.ExecuteBuild] The daemon has finished executing the build.
2025-08-20T20:48:40.012+0530 [DEBUG] [org.gradle.launcher.daemon.client.DaemonClientInputForwarder] Dispatching close input message: org.gradle.launcher.daemon.protocol.CloseInput@430114b3
2025-08-20T20:48:40.012+0530 [DEBUG] [org.gradle.launcher.daemon.client.DaemonClientConnection] thread 33: dispatching class org.gradle.launcher.daemon.protocol.CloseInput
2025-08-20T20:48:40.013+0530 [DEBUG] [org.gradle.launcher.daemon.client.DaemonClient] Received result Success[value=org.gradle.launcher.exec.BuildActionResult@517566b] from daemon DaemonInfo{pid=90093, address=[fd787482-e5c8-40f4-9f2e-76befa9ba4e4 port:58394, addresses:[/127.0.0.1]], state=Idle, lastBusy=1755702928943, context=DefaultDaemonContext[uid=d346965d-dea8-4845-99a9-fdfd861cefb0,javaHome=/Users/shubhamtripathi/Library/Java/JavaVirtualMachines/openjdk-24.0.1/Contents/Home,daemonRegistryDir=/Users/shubhamtripathi/.gradle/daemon,pid=90093,idleTimeout=10800000,priority=NORMAL,applyInstrumentationAgent=true,daemonOpts=--add-opens=java.base/java.util=ALL-UNNAMED,--add-opens=java.base/java.lang=ALL-UNNAMED,--add-opens=java.base/java.lang.invoke=ALL-UNNAMED,--add-opens=java.prefs/java.util.prefs=ALL-UNNAMED,--add-opens=java.base/java.nio.charset=ALL-UNNAMED,--add-opens=java.base/java.net=ALL-UNNAMED,--add-opens=java.base/java.util.concurrent.atomic=ALL-UNNAMED,-XX:MaxMetaspaceSize=384m,-XX:+HeapDumpOnOutOfMemoryError,-Xms256m,-Xmx512m,-Dfile.encoding=UTF-8,-Duser.country=IN,-Duser.language=en,-Duser.variant]} (build should be done).
2025-08-20T20:48:40.013+0530 [DEBUG] [org.gradle.launcher.daemon.client.DaemonClientConnection] thread 3: dispatching class org.gradle.launcher.daemon.protocol.Finished
2025-08-20T20:48:40.013+0530 [DEBUG] [org.gradle.launcher.daemon.client.DaemonClientConnection] thread 3: connection stop
2025-08-20T20:48:40.013+0530 [LIFECYCLE] [org.gradle.launcher.cli.DebugLoggerWarningAction] 
#############################################################################
   WARNING WARNING WARNING WARNING WARNING WARNING WARNING WARNING WARNING

   Debug level logging will leak security sensitive information!

   For more details, please refer to https://docs.gradle.org/8.3/userguide/logging.html#sec:debug_security in the Gradle documentation.
#############################################################################

